2023-05-01 14:45:22 [INFO ] c.KoreaIT.sw.demo.ProjectApplication - Starting ProjectApplication using Java 17.0.6 on DESKTOP-PCCBI0F with PID 6600 (C:\workspace_ksw\sts-4.18.0.RELEASE-workspace\project\target\classes started by a in C:\workspace_ksw\sts-4.18.0.RELEASE-workspace\project)
2023-05-01 14:45:22 [DEBUG] c.KoreaIT.sw.demo.ProjectApplication - Running with Spring Boot v2.7.11, Spring v5.3.27
2023-05-01 14:45:22 [INFO ] c.KoreaIT.sw.demo.ProjectApplication - No active profile set, falling back to 1 default profile: "default"
2023-05-01 14:45:22 [DEBUG] o.s.boot.SpringApplication - Loading source class com.KoreaIT.sw.demo.ProjectApplication
2023-05-01 14:45:22 [DEBUG] o.s.b.d.restart.ChangeableUrls - Matching URLs for reloading : [file:/C:/workspace_ksw/sts-4.18.0.RELEASE-workspace/project/target/classes/]
2023-05-01 14:45:22 [DEBUG] o.s.b.d.settings.DevToolsSettings - Included patterns for restart : []
2023-05-01 14:45:22 [DEBUG] o.s.b.d.settings.DevToolsSettings - Excluded patterns for restart : [/spring-boot-starter-[\w-]+/, /spring-boot/(bin|build|out)/, /spring-boot-starter/(bin|build|out)/, /spring-boot-devtools/(bin|build|out)/, /spring-boot-actuator/(bin|build|out)/, /spring-boot-autoconfigure/(bin|build|out)/]
2023-05-01 14:45:22 [INFO ] o.s.b.d.e.DevToolsPropertyDefaultsPostProcessor - Devtools property defaults active! Set 'spring.devtools.add-properties' to 'false' to disable
2023-05-01 14:45:22 [INFO ] o.s.b.d.e.DevToolsPropertyDefaultsPostProcessor - For additional web related logging consider setting the 'logging.level.web' property to 'DEBUG'
2023-05-01 14:45:22 [DEBUG] o.s.b.w.s.c.AnnotationConfigServletWebServerApplicationContext - Refreshing org.springframework.boot.web.servlet.context.AnnotationConfigServletWebServerApplicationContext@6ef4f7b0
2023-05-01 14:45:22 [DEBUG] o.s.b.f.s.DefaultListableBeanFactory - Creating shared instance of singleton bean 'org.springframework.context.annotation.internalConfigurationAnnotationProcessor'
2023-05-01 14:45:22 [DEBUG] o.s.b.f.s.DefaultListableBeanFactory - Creating shared instance of singleton bean 'org.springframework.boot.autoconfigure.internalCachingMetadataReaderFactory'
2023-05-01 14:45:22 [DEBUG] o.s.c.a.ClassPathBeanDefinitionScanner - Identified candidate component class: file [C:\workspace_ksw\sts-4.18.0.RELEASE-workspace\project\target\classes\com\KoreaIT\sw\demo\controller\TestController.class]
2023-05-01 14:45:22 [DEBUG] o.s.c.a.ClassPathBeanDefinitionScanner - Identified candidate component class: file [C:\workspace_ksw\sts-4.18.0.RELEASE-workspace\project\target\classes\com\KoreaIT\sw\demo\controller\UsrArticleController.class]
2023-05-01 14:45:22 [DEBUG] o.s.c.a.ClassPathBeanDefinitionScanner - Identified candidate component class: file [C:\workspace_ksw\sts-4.18.0.RELEASE-workspace\project\target\classes\com\KoreaIT\sw\demo\controller\UsrHomeController.class]
2023-05-01 14:45:22 [DEBUG] o.s.c.a.ClassPathBeanDefinitionScanner - Identified candidate component class: file [C:\workspace_ksw\sts-4.18.0.RELEASE-workspace\project\target\classes\com\KoreaIT\sw\demo\controller\UsrMemberController.class]
2023-05-01 14:45:22 [DEBUG] o.s.c.a.ClassPathBeanDefinitionScanner - Identified candidate component class: file [C:\workspace_ksw\sts-4.18.0.RELEASE-workspace\project\target\classes\com\KoreaIT\sw\demo\controller\UsrTodayController.class]
2023-05-01 14:45:22 [DEBUG] o.s.c.a.ClassPathBeanDefinitionScanner - Identified candidate component class: file [C:\workspace_ksw\sts-4.18.0.RELEASE-workspace\project\target\classes\com\KoreaIT\sw\demo\service\MemberService.class]
2023-05-01 14:45:23 [DEBUG] o.s.c.a.ClassPathBeanDefinitionScanner - Identified candidate component class: file [C:\workspace_ksw\sts-4.18.0.RELEASE-workspace\project\target\classes\com\KoreaIT\sw\demo\vo\Rq.class]
2023-05-01 14:45:26 [DEBUG] o.s.b.f.s.DefaultListableBeanFactory - Creating shared instance of singleton bean 'org.springframework.boot.autoconfigure.AutoConfigurationPackages'
2023-05-01 14:45:26 [DEBUG] o.s.b.a.AutoConfigurationPackages - @EnableAutoConfiguration was declared on a class in the package 'com.KoreaIT.sw.demo'. Automatic @Repository and @Entity scanning is enabled.
2023-05-01 14:45:26 [DEBUG] o.m.s.b.a.MybatisAutoConfiguration - Searching for mappers annotated with @Mapper
2023-05-01 14:45:26 [DEBUG] o.m.s.b.a.MybatisAutoConfiguration - Using auto-configuration base package 'com.KoreaIT.sw.demo'
2023-05-01 14:45:27 [DEBUG] o.s.b.f.s.DefaultListableBeanFactory - Creating shared instance of singleton bean 'org.mybatis.spring.mapper.MapperScannerConfigurer'
2023-05-01 14:45:27 [DEBUG] o.s.b.f.s.DefaultListableBeanFactory - Creating shared instance of singleton bean 'propertySourcesPlaceholderConfigurer'
2023-05-01 14:45:27 [DEBUG] o.m.s.mapper.ClassPathMapperScanner - Identified candidate component class: file [C:\workspace_ksw\sts-4.18.0.RELEASE-workspace\project\target\classes\com\KoreaIT\sw\demo\repository\MemberRepository.class]
2023-05-01 14:45:27 [DEBUG] o.m.s.mapper.ClassPathMapperScanner - Creating MapperFactoryBean with name 'memberRepository' and 'com.KoreaIT.sw.demo.repository.MemberRepository' mapperInterface
2023-05-01 14:45:28 [DEBUG] o.s.b.f.s.DefaultListableBeanFactory - Creating shared instance of singleton bean 'org.springframework.boot.sql.init.dependency.DatabaseInitializationDependencyConfigurer$DependsOnDatabaseInitializationPostProcessor'
2023-05-01 14:45:28 [DEBUG] o.s.b.f.s.DefaultListableBeanFactory - Creating shared instance of singleton bean 'org.springframework.context.event.internalEventListenerProcessor'
2023-05-01 14:45:28 [DEBUG] o.s.b.f.s.DefaultListableBeanFactory - Creating shared instance of singleton bean 'preserveErrorControllerTargetClassPostProcessor'
2023-05-01 14:45:28 [DEBUG] o.s.b.f.s.DefaultListableBeanFactory - Creating shared instance of singleton bean 'forceAutoProxyCreatorToUseClassProxying'
2023-05-01 14:45:28 [DEBUG] o.s.b.f.s.DefaultListableBeanFactory - Creating shared instance of singleton bean 'org.springframework.context.event.internalEventListenerFactory'
2023-05-01 14:45:28 [DEBUG] o.s.b.f.s.DefaultListableBeanFactory - Creating shared instance of singleton bean 'org.springframework.transaction.config.internalTransactionalEventListenerFactory'
2023-05-01 14:45:28 [DEBUG] o.s.b.f.s.DefaultListableBeanFactory - Creating shared instance of singleton bean 'org.springframework.context.annotation.internalAutowiredAnnotationProcessor'
2023-05-01 14:45:28 [DEBUG] o.s.b.f.s.DefaultListableBeanFactory - Creating shared instance of singleton bean 'org.springframework.context.annotation.internalCommonAnnotationProcessor'
2023-05-01 14:45:28 [DEBUG] o.s.b.f.s.DefaultListableBeanFactory - Creating shared instance of singleton bean 'org.springframework.boot.context.properties.ConfigurationPropertiesBindingPostProcessor'
2023-05-01 14:45:28 [DEBUG] o.s.b.f.s.DefaultListableBeanFactory - Creating shared instance of singleton bean 'org.springframework.boot.context.internalConfigurationPropertiesBinder'
2023-05-01 14:45:28 [DEBUG] o.s.b.f.s.DefaultListableBeanFactory - Creating shared instance of singleton bean 'org.springframework.boot.context.internalConfigurationPropertiesBinderFactory'
2023-05-01 14:45:28 [DEBUG] o.s.b.f.s.DefaultListableBeanFactory - Creating shared instance of singleton bean 'persistenceExceptionTranslationPostProcessor'
2023-05-01 14:45:28 [DEBUG] o.s.b.f.s.DefaultListableBeanFactory - Autowiring by type from bean name 'persistenceExceptionTranslationPostProcessor' via factory method to bean named 'environment'
2023-05-01 14:45:28 [DEBUG] o.s.b.f.s.DefaultListableBeanFactory - Creating shared instance of singleton bean 'org.springframework.aop.config.internalAutoProxyCreator'
2023-05-01 14:45:28 [DEBUG] o.s.b.f.s.DefaultListableBeanFactory - Creating shared instance of singleton bean 'webServerFactoryCustomizerBeanPostProcessor'
2023-05-01 14:45:28 [DEBUG] o.s.b.f.s.DefaultListableBeanFactory - Creating shared instance of singleton bean 'errorPageRegistrarBeanPostProcessor'
2023-05-01 14:45:29 [DEBUG] o.s.u.c.s.UiApplicationContextUtils - Unable to locate ThemeSource with name 'themeSource': using default [org.springframework.ui.context.support.ResourceBundleThemeSource@7a065559]
2023-05-01 14:45:29 [DEBUG] o.s.b.f.s.DefaultListableBeanFactory - Creating shared instance of singleton bean 'tomcatServletWebServerFactory'
2023-05-01 14:45:29 [DEBUG] o.s.b.f.s.DefaultListableBeanFactory - Creating shared instance of singleton bean 'org.springframework.boot.autoconfigure.web.servlet.ServletWebServerFactoryConfiguration$EmbeddedTomcat'
2023-05-01 14:45:29 [DEBUG] o.s.b.f.s.DefaultListableBeanFactory - Creating shared instance of singleton bean 'org.springframework.transaction.config.internalTransactionAdvisor'
2023-05-01 14:45:29 [DEBUG] o.s.b.f.s.DefaultListableBeanFactory - Creating shared instance of singleton bean 'org.springframework.transaction.annotation.ProxyTransactionManagementConfiguration'
2023-05-01 14:45:29 [DEBUG] o.s.b.f.s.DefaultListableBeanFactory - Creating shared instance of singleton bean 'transactionAttributeSource'
2023-05-01 14:45:29 [DEBUG] o.s.b.f.s.DefaultListableBeanFactory - Creating shared instance of singleton bean 'transactionInterceptor'
2023-05-01 14:45:29 [DEBUG] o.s.b.f.s.DefaultListableBeanFactory - Autowiring by type from bean name 'transactionInterceptor' via factory method to bean named 'transactionAttributeSource'
2023-05-01 14:45:29 [DEBUG] o.s.b.f.s.DefaultListableBeanFactory - Autowiring by type from bean name 'org.springframework.transaction.config.internalTransactionAdvisor' via factory method to bean named 'transactionAttributeSource'
2023-05-01 14:45:29 [DEBUG] o.s.b.f.s.DefaultListableBeanFactory - Autowiring by type from bean name 'org.springframework.transaction.config.internalTransactionAdvisor' via factory method to bean named 'transactionInterceptor'
2023-05-01 14:45:30 [DEBUG] o.s.b.f.s.DefaultListableBeanFactory - Creating shared instance of singleton bean 'websocketServletWebServerCustomizer'
2023-05-01 14:45:30 [DEBUG] o.s.b.f.s.DefaultListableBeanFactory - Creating shared instance of singleton bean 'org.springframework.boot.autoconfigure.websocket.servlet.WebSocketServletAutoConfiguration$TomcatWebSocketConfiguration'
2023-05-01 14:45:30 [DEBUG] o.s.b.f.s.DefaultListableBeanFactory - Creating shared instance of singleton bean 'servletWebServerFactoryCustomizer'
2023-05-01 14:45:30 [DEBUG] o.s.b.f.s.DefaultListableBeanFactory - Creating shared instance of singleton bean 'org.springframework.boot.autoconfigure.web.servlet.ServletWebServerFactoryAutoConfiguration'
2023-05-01 14:45:30 [DEBUG] o.s.b.f.s.DefaultListableBeanFactory - Creating shared instance of singleton bean 'server-org.springframework.boot.autoconfigure.web.ServerProperties'
2023-05-01 14:45:30 [DEBUG] o.s.b.f.s.DefaultListableBeanFactory - Creating shared instance of singleton bean 'org.springframework.boot.context.properties.BoundConfigurationProperties'
2023-05-01 14:45:30 [DEBUG] o.s.b.f.s.DefaultListableBeanFactory - Autowiring by type from bean name 'servletWebServerFactoryCustomizer' via factory method to bean named 'server-org.springframework.boot.autoconfigure.web.ServerProperties'
2023-05-01 14:45:30 [DEBUG] o.s.b.f.s.DefaultListableBeanFactory - Creating shared instance of singleton bean 'tomcatServletWebServerFactoryCustomizer'
2023-05-01 14:45:30 [DEBUG] o.s.b.f.s.DefaultListableBeanFactory - Autowiring by type from bean name 'tomcatServletWebServerFactoryCustomizer' via factory method to bean named 'server-org.springframework.boot.autoconfigure.web.ServerProperties'
2023-05-01 14:45:30 [DEBUG] o.s.b.f.s.DefaultListableBeanFactory - Creating shared instance of singleton bean 'tomcatWebServerFactoryCustomizer'
2023-05-01 14:45:30 [DEBUG] o.s.b.f.s.DefaultListableBeanFactory - Creating shared instance of singleton bean 'org.springframework.boot.autoconfigure.web.embedded.EmbeddedWebServerFactoryCustomizerAutoConfiguration$TomcatWebServerFactoryCustomizerConfiguration'
2023-05-01 14:45:30 [DEBUG] o.s.b.f.s.DefaultListableBeanFactory - Autowiring by type from bean name 'tomcatWebServerFactoryCustomizer' via factory method to bean named 'environment'
2023-05-01 14:45:30 [DEBUG] o.s.b.f.s.DefaultListableBeanFactory - Autowiring by type from bean name 'tomcatWebServerFactoryCustomizer' via factory method to bean named 'server-org.springframework.boot.autoconfigure.web.ServerProperties'
2023-05-01 14:45:31 [DEBUG] o.s.b.f.s.DefaultListableBeanFactory - Creating shared instance of singleton bean 'localeCharsetMappingsCustomizer'
2023-05-01 14:45:31 [DEBUG] o.s.b.f.s.DefaultListableBeanFactory - Creating shared instance of singleton bean 'org.springframework.boot.autoconfigure.web.servlet.HttpEncodingAutoConfiguration'
2023-05-01 14:45:31 [DEBUG] o.s.b.f.s.DefaultListableBeanFactory - Autowiring by type from bean name 'org.springframework.boot.autoconfigure.web.servlet.HttpEncodingAutoConfiguration' via constructor to bean named 'server-org.springframework.boot.autoconfigure.web.ServerProperties'
2023-05-01 14:45:31 [DEBUG] o.s.b.f.s.DefaultListableBeanFactory - Creating shared instance of singleton bean 'errorPageCustomizer'
2023-05-01 14:45:31 [DEBUG] o.s.b.f.s.DefaultListableBeanFactory - Creating shared instance of singleton bean 'org.springframework.boot.autoconfigure.web.servlet.error.ErrorMvcAutoConfiguration'
2023-05-01 14:45:31 [DEBUG] o.s.b.f.s.DefaultListableBeanFactory - Autowiring by type from bean name 'org.springframework.boot.autoconfigure.web.servlet.error.ErrorMvcAutoConfiguration' via constructor to bean named 'server-org.springframework.boot.autoconfigure.web.ServerProperties'
2023-05-01 14:45:31 [DEBUG] o.s.b.f.s.DefaultListableBeanFactory - Creating shared instance of singleton bean 'dispatcherServletRegistration'
2023-05-01 14:45:31 [DEBUG] o.s.b.f.s.DefaultListableBeanFactory - Creating shared instance of singleton bean 'org.springframework.boot.autoconfigure.web.servlet.DispatcherServletAutoConfiguration$DispatcherServletRegistrationConfiguration'
2023-05-01 14:45:31 [DEBUG] o.s.b.f.s.DefaultListableBeanFactory - Creating shared instance of singleton bean 'dispatcherServlet'
2023-05-01 14:45:31 [DEBUG] o.s.b.f.s.DefaultListableBeanFactory - Creating shared instance of singleton bean 'org.springframework.boot.autoconfigure.web.servlet.DispatcherServletAutoConfiguration$DispatcherServletConfiguration'
2023-05-01 14:45:31 [DEBUG] o.s.b.f.s.DefaultListableBeanFactory - Creating shared instance of singleton bean 'spring.mvc-org.springframework.boot.autoconfigure.web.servlet.WebMvcProperties'
2023-05-01 14:45:31 [DEBUG] o.s.b.f.s.DefaultListableBeanFactory - Autowiring by type from bean name 'dispatcherServlet' via factory method to bean named 'spring.mvc-org.springframework.boot.autoconfigure.web.servlet.WebMvcProperties'
2023-05-01 14:45:31 [DEBUG] o.s.b.f.s.DefaultListableBeanFactory - Autowiring by type from bean name 'dispatcherServletRegistration' via factory method to bean named 'dispatcherServlet'
2023-05-01 14:45:31 [DEBUG] o.s.b.f.s.DefaultListableBeanFactory - Autowiring by type from bean name 'dispatcherServletRegistration' via factory method to bean named 'spring.mvc-org.springframework.boot.autoconfigure.web.servlet.WebMvcProperties'
2023-05-01 14:45:31 [DEBUG] o.s.b.f.s.DefaultListableBeanFactory - Creating shared instance of singleton bean 'multipartConfigElement'
2023-05-01 14:45:31 [DEBUG] o.s.b.f.s.DefaultListableBeanFactory - Creating shared instance of singleton bean 'org.springframework.boot.autoconfigure.web.servlet.MultipartAutoConfiguration'
2023-05-01 14:45:31 [DEBUG] o.s.b.f.s.DefaultListableBeanFactory - Creating shared instance of singleton bean 'spring.servlet.multipart-org.springframework.boot.autoconfigure.web.servlet.MultipartProperties'
2023-05-01 14:45:31 [DEBUG] o.s.b.f.s.DefaultListableBeanFactory - Autowiring by type from bean name 'org.springframework.boot.autoconfigure.web.servlet.MultipartAutoConfiguration' via constructor to bean named 'spring.servlet.multipart-org.springframework.boot.autoconfigure.web.servlet.MultipartProperties'
2023-05-01 14:45:31 [DEBUG] o.s.b.f.s.DefaultListableBeanFactory - Autowiring by type from bean name 'errorPageCustomizer' via factory method to bean named 'dispatcherServletRegistration'
2023-05-01 14:45:31 [DEBUG] o.s.b.w.e.t.TomcatServletWebServerFactory - Code archive: C:\Users\a\.m2\repository\org\springframework\boot\spring-boot\2.7.11\spring-boot-2.7.11.jar
2023-05-01 14:45:31 [DEBUG] o.s.b.w.e.t.TomcatServletWebServerFactory - Code archive: C:\Users\a\.m2\repository\org\springframework\boot\spring-boot\2.7.11\spring-boot-2.7.11.jar
2023-05-01 14:45:31 [DEBUG] o.s.b.w.e.t.TomcatServletWebServerFactory - Document root: C:\workspace_ksw\sts-4.18.0.RELEASE-workspace\project\src\main\webapp
